running egg_info
writing ../../build/chatbot/chatbot.egg-info/PKG-INFO
writing dependency_links to ../../build/chatbot/chatbot.egg-info/dependency_links.txt
writing entry points to ../../build/chatbot/chatbot.egg-info/entry_points.txt
writing requirements to ../../build/chatbot/chatbot.egg-info/requires.txt
writing top-level names to ../../build/chatbot/chatbot.egg-info/top_level.txt
reading manifest file '../../build/chatbot/chatbot.egg-info/SOURCES.txt'
writing manifest file '../../build/chatbot/chatbot.egg-info/SOURCES.txt'
running build
running build_py
copying chatbot/chatbot.py -> /home/lyorrei/Documents/Projects/ponderada3_mod8/build/chatbot/build/lib/chatbot
running install
/usr/lib/python3/dist-packages/setuptools/command/install.py:34: SetuptoolsDeprecationWarning: setup.py install is deprecated. Use build and pip and other standards-based tools.
  warnings.warn(
running install_lib
copying /home/lyorrei/Documents/Projects/ponderada3_mod8/build/chatbot/build/lib/chatbot/chatbot.py -> /home/lyorrei/Documents/Projects/ponderada3_mod8/install/chatbot/lib/python3.10/site-packages/chatbot
byte-compiling /home/lyorrei/Documents/Projects/ponderada3_mod8/install/chatbot/lib/python3.10/site-packages/chatbot/chatbot.py to chatbot.cpython-310.pyc
running install_data
copying package.xml -> /home/lyorrei/Documents/Projects/ponderada3_mod8/install/chatbot/share/chatbot
running install_egg_info
removing '/home/lyorrei/Documents/Projects/ponderada3_mod8/install/chatbot/lib/python3.10/site-packages/chatbot-0.0.0-py3.10.egg-info' (and everything under it)
Copying ../../build/chatbot/chatbot.egg-info to /home/lyorrei/Documents/Projects/ponderada3_mod8/install/chatbot/lib/python3.10/site-packages/chatbot-0.0.0-py3.10.egg-info
running install_scripts
Installing chatbot script to /home/lyorrei/Documents/Projects/ponderada3_mod8/install/chatbot/lib/chatbot
writing list of installed files to '/home/lyorrei/Documents/Projects/ponderada3_mod8/build/chatbot/install.log'
