[0.377s] Invoking command in '/home/lyorrei/Documents/Projects/ponderada3_mod8/src/chatbot': PYTHONPATH=/home/lyorrei/Documents/Projects/ponderada3_mod8/build/chatbot/prefix_override:/home/lyorrei/Documents/Projects/ponderada3_mod8/install/chatbot/lib/python3.10/site-packages:${PYTHONPATH} /usr/bin/python3 setup.py egg_info --egg-base ../../build/chatbot build --build-base /home/lyorrei/Documents/Projects/ponderada3_mod8/build/chatbot/build install --record /home/lyorrei/Documents/Projects/ponderada3_mod8/build/chatbot/install.log --single-version-externally-managed
[0.484s] running egg_info
[0.484s] creating ../../build/chatbot/chatbot.egg-info
[0.484s] writing ../../build/chatbot/chatbot.egg-info/PKG-INFO
[0.484s] writing dependency_links to ../../build/chatbot/chatbot.egg-info/dependency_links.txt
[0.484s] writing entry points to ../../build/chatbot/chatbot.egg-info/entry_points.txt
[0.484s] writing requirements to ../../build/chatbot/chatbot.egg-info/requires.txt
[0.484s] writing top-level names to ../../build/chatbot/chatbot.egg-info/top_level.txt
[0.484s] writing manifest file '../../build/chatbot/chatbot.egg-info/SOURCES.txt'
[0.485s] reading manifest file '../../build/chatbot/chatbot.egg-info/SOURCES.txt'
[0.486s] writing manifest file '../../build/chatbot/chatbot.egg-info/SOURCES.txt'
[0.486s] running build
[0.486s] running build_py
[0.486s] creating /home/lyorrei/Documents/Projects/ponderada3_mod8/build/chatbot/build
[0.486s] creating /home/lyorrei/Documents/Projects/ponderada3_mod8/build/chatbot/build/lib
[0.486s] creating /home/lyorrei/Documents/Projects/ponderada3_mod8/build/chatbot/build/lib/chatbot
[0.486s] copying chatbot/chatbot.py -> /home/lyorrei/Documents/Projects/ponderada3_mod8/build/chatbot/build/lib/chatbot
[0.486s] copying chatbot/__init__.py -> /home/lyorrei/Documents/Projects/ponderada3_mod8/build/chatbot/build/lib/chatbot
[0.486s] running install
[0.487s] /usr/lib/python3/dist-packages/setuptools/command/install.py:34: SetuptoolsDeprecationWarning: setup.py install is deprecated. Use build and pip and other standards-based tools.
[0.487s]   warnings.warn(
[0.487s] running install_lib
[0.488s] creating /home/lyorrei/Documents/Projects/ponderada3_mod8/install/chatbot/lib/python3.10/site-packages/chatbot
[0.488s] copying /home/lyorrei/Documents/Projects/ponderada3_mod8/build/chatbot/build/lib/chatbot/chatbot.py -> /home/lyorrei/Documents/Projects/ponderada3_mod8/install/chatbot/lib/python3.10/site-packages/chatbot
[0.488s] copying /home/lyorrei/Documents/Projects/ponderada3_mod8/build/chatbot/build/lib/chatbot/__init__.py -> /home/lyorrei/Documents/Projects/ponderada3_mod8/install/chatbot/lib/python3.10/site-packages/chatbot
[0.488s] byte-compiling /home/lyorrei/Documents/Projects/ponderada3_mod8/install/chatbot/lib/python3.10/site-packages/chatbot/chatbot.py to chatbot.cpython-310.pyc
[0.488s] byte-compiling /home/lyorrei/Documents/Projects/ponderada3_mod8/install/chatbot/lib/python3.10/site-packages/chatbot/__init__.py to __init__.cpython-310.pyc
[0.488s] running install_data
[0.488s] creating /home/lyorrei/Documents/Projects/ponderada3_mod8/install/chatbot/share/ament_index
[0.489s] creating /home/lyorrei/Documents/Projects/ponderada3_mod8/install/chatbot/share/ament_index/resource_index
[0.489s] creating /home/lyorrei/Documents/Projects/ponderada3_mod8/install/chatbot/share/ament_index/resource_index/packages
[0.489s] copying resource/chatbot -> /home/lyorrei/Documents/Projects/ponderada3_mod8/install/chatbot/share/ament_index/resource_index/packages
[0.489s] copying package.xml -> /home/lyorrei/Documents/Projects/ponderada3_mod8/install/chatbot/share/chatbot
[0.489s] running install_egg_info
[0.490s] Copying ../../build/chatbot/chatbot.egg-info to /home/lyorrei/Documents/Projects/ponderada3_mod8/install/chatbot/lib/python3.10/site-packages/chatbot-0.0.0-py3.10.egg-info
[0.490s] running install_scripts
[0.501s] Installing chatbot script to /home/lyorrei/Documents/Projects/ponderada3_mod8/install/chatbot/lib/chatbot
[0.501s] writing list of installed files to '/home/lyorrei/Documents/Projects/ponderada3_mod8/build/chatbot/install.log'
[0.514s] Invoked command in '/home/lyorrei/Documents/Projects/ponderada3_mod8/src/chatbot' returned '0': PYTHONPATH=/home/lyorrei/Documents/Projects/ponderada3_mod8/build/chatbot/prefix_override:/home/lyorrei/Documents/Projects/ponderada3_mod8/install/chatbot/lib/python3.10/site-packages:${PYTHONPATH} /usr/bin/python3 setup.py egg_info --egg-base ../../build/chatbot build --build-base /home/lyorrei/Documents/Projects/ponderada3_mod8/build/chatbot/build install --record /home/lyorrei/Documents/Projects/ponderada3_mod8/build/chatbot/install.log --single-version-externally-managed
