[0.515s] DEBUG:colcon:Command line arguments: ['/usr/bin/colcon', 'build']
[0.515s] DEBUG:colcon:Parsed command line arguments: Namespace(log_base=None, log_level=None, verb_name='build', build_base='build', install_base='install', merge_install=False, symlink_install=False, test_result_base=None, continue_on_error=False, executor='parallel', parallel_workers=4, event_handlers=None, ignore_user_meta=False, metas=['./colcon.meta'], base_paths=['.'], packages_ignore=None, packages_ignore_regex=None, paths=None, packages_up_to=None, packages_up_to_regex=None, packages_above=None, packages_above_and_dependencies=None, packages_above_depth=None, packages_select_by_dep=None, packages_skip_by_dep=None, packages_skip_up_to=None, packages_select_build_failed=False, packages_skip_build_finished=False, packages_select_test_failures=False, packages_skip_test_passed=False, packages_select=None, packages_skip=None, packages_select_regex=None, packages_skip_regex=None, packages_start=None, packages_end=None, allow_overriding=[], cmake_args=None, cmake_target=None, cmake_target_skip_unavailable=False, cmake_clean_cache=False, cmake_clean_first=False, cmake_force_configure=False, ament_cmake_args=None, catkin_cmake_args=None, catkin_skip_building_tests=False, verb_parser=<colcon_defaults.argument_parser.defaults.DefaultArgumentsDecorator object at 0xffffa64ab6a0>, verb_extension=<colcon_core.verb.build.BuildVerb object at 0xffffa64aa380>, main=<bound method BuildVerb.main of <colcon_core.verb.build.BuildVerb object at 0xffffa64aa380>>)
[0.553s] Level 1:colcon.colcon_core.package_discovery:discover_packages(colcon_meta) check parameters
[0.553s] Level 1:colcon.colcon_core.package_discovery:discover_packages(recursive) check parameters
[0.553s] Level 1:colcon.colcon_core.package_discovery:discover_packages(ignore) check parameters
[0.553s] Level 1:colcon.colcon_core.package_discovery:discover_packages(path) check parameters
[0.553s] Level 1:colcon.colcon_core.package_discovery:discover_packages(colcon_meta) discover
[0.553s] Level 1:colcon.colcon_core.package_discovery:discover_packages(recursive) discover
[0.553s] INFO:colcon.colcon_core.package_discovery:Crawling recursively for packages in '/home/lyorrei/Documents/Projects/ponderada3_mod8'
[0.554s] Level 1:colcon.colcon_core.package_identification:_identify(.) by extensions ['ignore', 'ignore_ament_install']
[0.554s] Level 1:colcon.colcon_core.package_identification:_identify(.) by extension 'ignore'
[0.554s] Level 1:colcon.colcon_core.package_identification:_identify(.) by extension 'ignore_ament_install'
[0.554s] Level 1:colcon.colcon_core.package_identification:_identify(.) by extensions ['colcon_pkg']
[0.554s] Level 1:colcon.colcon_core.package_identification:_identify(.) by extension 'colcon_pkg'
[0.554s] Level 1:colcon.colcon_core.package_identification:_identify(.) by extensions ['colcon_meta']
[0.554s] Level 1:colcon.colcon_core.package_identification:_identify(.) by extension 'colcon_meta'
[0.554s] Level 1:colcon.colcon_core.package_identification:_identify(.) by extensions ['ros']
[0.554s] Level 1:colcon.colcon_core.package_identification:_identify(.) by extension 'ros'
[0.561s] Level 1:colcon.colcon_core.package_identification:_identify(.) by extensions ['cmake', 'python']
[0.562s] Level 1:colcon.colcon_core.package_identification:_identify(.) by extension 'cmake'
[0.562s] Level 1:colcon.colcon_core.package_identification:_identify(.) by extension 'python'
[0.562s] Level 1:colcon.colcon_core.package_identification:_identify(.) by extensions ['python_setup_py']
[0.562s] Level 1:colcon.colcon_core.package_identification:_identify(.) by extension 'python_setup_py'
[0.562s] Level 1:colcon.colcon_core.package_identification:_identify(build) by extensions ['ignore', 'ignore_ament_install']
[0.562s] Level 1:colcon.colcon_core.package_identification:_identify(build) by extension 'ignore'
[0.562s] Level 1:colcon.colcon_core.package_identification:_identify(build) ignored
[0.562s] Level 1:colcon.colcon_core.package_identification:_identify(install) by extensions ['ignore', 'ignore_ament_install']
[0.562s] Level 1:colcon.colcon_core.package_identification:_identify(install) by extension 'ignore'
[0.562s] Level 1:colcon.colcon_core.package_identification:_identify(install) ignored
[0.562s] Level 1:colcon.colcon_core.package_identification:_identify(log) by extensions ['ignore', 'ignore_ament_install']
[0.562s] Level 1:colcon.colcon_core.package_identification:_identify(log) by extension 'ignore'
[0.562s] Level 1:colcon.colcon_core.package_identification:_identify(log) ignored
[0.562s] Level 1:colcon.colcon_core.package_identification:_identify(src) by extensions ['ignore', 'ignore_ament_install']
[0.562s] Level 1:colcon.colcon_core.package_identification:_identify(src) by extension 'ignore'
[0.562s] Level 1:colcon.colcon_core.package_identification:_identify(src) by extension 'ignore_ament_install'
[0.562s] Level 1:colcon.colcon_core.package_identification:_identify(src) by extensions ['colcon_pkg']
[0.562s] Level 1:colcon.colcon_core.package_identification:_identify(src) by extension 'colcon_pkg'
[0.562s] Level 1:colcon.colcon_core.package_identification:_identify(src) by extensions ['colcon_meta']
[0.562s] Level 1:colcon.colcon_core.package_identification:_identify(src) by extension 'colcon_meta'
[0.562s] Level 1:colcon.colcon_core.package_identification:_identify(src) by extensions ['ros']
[0.562s] Level 1:colcon.colcon_core.package_identification:_identify(src) by extension 'ros'
[0.562s] Level 1:colcon.colcon_core.package_identification:_identify(src) by extensions ['cmake', 'python']
[0.562s] Level 1:colcon.colcon_core.package_identification:_identify(src) by extension 'cmake'
[0.562s] Level 1:colcon.colcon_core.package_identification:_identify(src) by extension 'python'
[0.562s] Level 1:colcon.colcon_core.package_identification:_identify(src) by extensions ['python_setup_py']
[0.562s] Level 1:colcon.colcon_core.package_identification:_identify(src) by extension 'python_setup_py'
[0.562s] Level 1:colcon.colcon_core.package_identification:_identify(src/chatbot) by extensions ['ignore', 'ignore_ament_install']
[0.562s] Level 1:colcon.colcon_core.package_identification:_identify(src/chatbot) by extension 'ignore'
[0.562s] Level 1:colcon.colcon_core.package_identification:_identify(src/chatbot) by extension 'ignore_ament_install'
[0.563s] Level 1:colcon.colcon_core.package_identification:_identify(src/chatbot) by extensions ['colcon_pkg']
[0.563s] Level 1:colcon.colcon_core.package_identification:_identify(src/chatbot) by extension 'colcon_pkg'
[0.563s] Level 1:colcon.colcon_core.package_identification:_identify(src/chatbot) by extensions ['colcon_meta']
[0.563s] Level 1:colcon.colcon_core.package_identification:_identify(src/chatbot) by extension 'colcon_meta'
[0.563s] Level 1:colcon.colcon_core.package_identification:_identify(src/chatbot) by extensions ['ros']
[0.563s] Level 1:colcon.colcon_core.package_identification:_identify(src/chatbot) by extension 'ros'
[0.565s] DEBUG:colcon.colcon_core.package_identification:Package 'src/chatbot' with type 'ros.ament_python' and name 'chatbot'
[0.565s] Level 1:colcon.colcon_core.package_discovery:discover_packages(recursive) using defaults
[0.565s] Level 1:colcon.colcon_core.package_discovery:discover_packages(ignore) discover
[0.565s] Level 1:colcon.colcon_core.package_discovery:discover_packages(ignore) using defaults
[0.565s] Level 1:colcon.colcon_core.package_discovery:discover_packages(path) discover
[0.565s] Level 1:colcon.colcon_core.package_discovery:discover_packages(path) using defaults
[0.618s] Level 1:colcon.colcon_core.package_discovery:discover_packages(prefix_path) check parameters
[0.618s] Level 1:colcon.colcon_core.package_discovery:discover_packages(prefix_path) discover
[0.631s] DEBUG:colcon.colcon_installed_package_information.package_discovery:Found 336 installed packages in /opt/ros/humble
[0.631s] Level 1:colcon.colcon_core.package_discovery:discover_packages(prefix_path) using defaults
[0.678s] Level 5:colcon.colcon_core.verb:set package 'chatbot' build argument 'cmake_args' from command line to 'None'
[0.678s] Level 5:colcon.colcon_core.verb:set package 'chatbot' build argument 'cmake_target' from command line to 'None'
[0.678s] Level 5:colcon.colcon_core.verb:set package 'chatbot' build argument 'cmake_target_skip_unavailable' from command line to 'False'
[0.678s] Level 5:colcon.colcon_core.verb:set package 'chatbot' build argument 'cmake_clean_cache' from command line to 'False'
[0.678s] Level 5:colcon.colcon_core.verb:set package 'chatbot' build argument 'cmake_clean_first' from command line to 'False'
[0.678s] Level 5:colcon.colcon_core.verb:set package 'chatbot' build argument 'cmake_force_configure' from command line to 'False'
[0.678s] Level 5:colcon.colcon_core.verb:set package 'chatbot' build argument 'ament_cmake_args' from command line to 'None'
[0.678s] Level 5:colcon.colcon_core.verb:set package 'chatbot' build argument 'catkin_cmake_args' from command line to 'None'
[0.678s] Level 5:colcon.colcon_core.verb:set package 'chatbot' build argument 'catkin_skip_building_tests' from command line to 'False'
[0.678s] DEBUG:colcon.colcon_core.verb:Building package 'chatbot' with the following arguments: {'ament_cmake_args': None, 'build_base': '/home/lyorrei/Documents/Projects/ponderada3_mod8/build/chatbot', 'catkin_cmake_args': None, 'catkin_skip_building_tests': False, 'cmake_args': None, 'cmake_clean_cache': False, 'cmake_clean_first': False, 'cmake_force_configure': False, 'cmake_target': None, 'cmake_target_skip_unavailable': False, 'install_base': '/home/lyorrei/Documents/Projects/ponderada3_mod8/install/chatbot', 'merge_install': False, 'path': '/home/lyorrei/Documents/Projects/ponderada3_mod8/src/chatbot', 'symlink_install': False, 'test_result_base': None}
[0.683s] INFO:colcon.colcon_core.executor:Executing jobs using 'parallel' executor
[0.688s] DEBUG:colcon.colcon_parallel_executor.executor.parallel:run_until_complete
[0.688s] INFO:colcon.colcon_ros.task.ament_python.build:Building ROS package in '/home/lyorrei/Documents/Projects/ponderada3_mod8/src/chatbot' with build type 'ament_python'
[0.688s] Level 1:colcon.colcon_core.shell:create_environment_hook('chatbot', 'ament_prefix_path')
[0.698s] INFO:colcon.colcon_core.plugin_system:Skipping extension 'colcon_core.shell.bat': Not used on non-Windows systems
[0.698s] INFO:colcon.colcon_core.shell:Creating environment hook '/home/lyorrei/Documents/Projects/ponderada3_mod8/install/chatbot/share/chatbot/hook/ament_prefix_path.ps1'
[0.698s] INFO:colcon.colcon_core.shell:Creating environment descriptor '/home/lyorrei/Documents/Projects/ponderada3_mod8/install/chatbot/share/chatbot/hook/ament_prefix_path.dsv'
[0.699s] INFO:colcon.colcon_core.shell:Creating environment hook '/home/lyorrei/Documents/Projects/ponderada3_mod8/install/chatbot/share/chatbot/hook/ament_prefix_path.sh'
[0.704s] INFO:colcon.colcon_core.shell:Skip shell extension 'powershell' for command environment: Not usable outside of PowerShell
[0.704s] DEBUG:colcon.colcon_core.shell:Skip shell extension 'dsv' for command environment
[0.883s] INFO:colcon.colcon_core.task.python.build:Building Python package in '/home/lyorrei/Documents/Projects/ponderada3_mod8/src/chatbot'
[0.890s] INFO:colcon.colcon_core.shell:Skip shell extension 'powershell' for command environment: Not usable outside of PowerShell
[0.890s] DEBUG:colcon.colcon_core.shell:Skip shell extension 'dsv' for command environment
[1.100s] DEBUG:colcon.colcon_core.event_handler.log_command:Invoking command in '/home/lyorrei/Documents/Projects/ponderada3_mod8/src/chatbot': PYTHONPATH=/home/lyorrei/Documents/Projects/ponderada3_mod8/build/chatbot/prefix_override:/home/lyorrei/Documents/Projects/ponderada3_mod8/install/chatbot/lib/python3.10/site-packages:${PYTHONPATH} /usr/bin/python3 setup.py egg_info --egg-base ../../build/chatbot build --build-base /home/lyorrei/Documents/Projects/ponderada3_mod8/build/chatbot/build install --record /home/lyorrei/Documents/Projects/ponderada3_mod8/build/chatbot/install.log --single-version-externally-managed
[1.243s] DEBUG:colcon.colcon_core.event_handler.log_command:Invoked command in '/home/lyorrei/Documents/Projects/ponderada3_mod8/src/chatbot' returned '0': PYTHONPATH=/home/lyorrei/Documents/Projects/ponderada3_mod8/build/chatbot/prefix_override:/home/lyorrei/Documents/Projects/ponderada3_mod8/install/chatbot/lib/python3.10/site-packages:${PYTHONPATH} /usr/bin/python3 setup.py egg_info --egg-base ../../build/chatbot build --build-base /home/lyorrei/Documents/Projects/ponderada3_mod8/build/chatbot/build install --record /home/lyorrei/Documents/Projects/ponderada3_mod8/build/chatbot/install.log --single-version-externally-managed
[1.253s] Level 1:colcon.colcon_core.environment:checking '/home/lyorrei/Documents/Projects/ponderada3_mod8/install/chatbot' for CMake module files
[1.253s] Level 1:colcon.colcon_core.environment:checking '/home/lyorrei/Documents/Projects/ponderada3_mod8/install/chatbot' for CMake config files
[1.254s] Level 1:colcon.colcon_core.environment:checking '/home/lyorrei/Documents/Projects/ponderada3_mod8/install/chatbot/lib'
[1.254s] Level 1:colcon.colcon_core.environment:checking '/home/lyorrei/Documents/Projects/ponderada3_mod8/install/chatbot/bin'
[1.254s] Level 1:colcon.colcon_core.environment:checking '/home/lyorrei/Documents/Projects/ponderada3_mod8/install/chatbot/lib/pkgconfig/chatbot.pc'
[1.254s] Level 1:colcon.colcon_core.environment:checking '/home/lyorrei/Documents/Projects/ponderada3_mod8/install/chatbot/lib/python3.10/site-packages'
[1.254s] Level 1:colcon.colcon_core.shell:create_environment_hook('chatbot', 'pythonpath')
[1.259s] INFO:colcon.colcon_core.shell:Creating environment hook '/home/lyorrei/Documents/Projects/ponderada3_mod8/install/chatbot/share/chatbot/hook/pythonpath.ps1'
[1.259s] INFO:colcon.colcon_core.shell:Creating environment descriptor '/home/lyorrei/Documents/Projects/ponderada3_mod8/install/chatbot/share/chatbot/hook/pythonpath.dsv'
[1.259s] INFO:colcon.colcon_core.shell:Creating environment hook '/home/lyorrei/Documents/Projects/ponderada3_mod8/install/chatbot/share/chatbot/hook/pythonpath.sh'
[1.260s] Level 1:colcon.colcon_core.environment:checking '/home/lyorrei/Documents/Projects/ponderada3_mod8/install/chatbot/bin'
[1.260s] Level 1:colcon.colcon_core.environment:create_environment_scripts_only(chatbot)
[1.264s] INFO:colcon.colcon_core.shell:Creating package script '/home/lyorrei/Documents/Projects/ponderada3_mod8/install/chatbot/share/chatbot/package.ps1'
[1.265s] INFO:colcon.colcon_core.shell:Creating package descriptor '/home/lyorrei/Documents/Projects/ponderada3_mod8/install/chatbot/share/chatbot/package.dsv'
[1.265s] INFO:colcon.colcon_core.shell:Creating package script '/home/lyorrei/Documents/Projects/ponderada3_mod8/install/chatbot/share/chatbot/package.sh'
[1.266s] INFO:colcon.colcon_core.shell:Creating package script '/home/lyorrei/Documents/Projects/ponderada3_mod8/install/chatbot/share/chatbot/package.bash'
[1.266s] INFO:colcon.colcon_core.shell:Creating package script '/home/lyorrei/Documents/Projects/ponderada3_mod8/install/chatbot/share/chatbot/package.zsh'
[1.267s] Level 1:colcon.colcon_core.environment:create_file_with_runtime_dependencies(/home/lyorrei/Documents/Projects/ponderada3_mod8/install/chatbot/share/colcon-core/packages/chatbot)
[1.267s] DEBUG:colcon.colcon_parallel_executor.executor.parallel:closing loop
[1.268s] DEBUG:colcon.colcon_parallel_executor.executor.parallel:loop closed
[1.268s] DEBUG:colcon.colcon_parallel_executor.executor.parallel:run_until_complete finished with '0'
[1.268s] DEBUG:colcon.colcon_core.event_reactor:joining thread
[1.281s] INFO:colcon.colcon_core.plugin_system:Skipping extension 'colcon_notification.desktop_notification.terminal_notifier': Not used on non-Darwin systems
[1.281s] INFO:colcon.colcon_core.plugin_system:Skipping extension 'colcon_notification.desktop_notification.win32': Not used on non-Windows systems
[1.281s] INFO:colcon.colcon_notification.desktop_notification:Sending desktop notification using 'notify2'
[1.299s] DEBUG:colcon.colcon_core.event_reactor:joined thread
[1.310s] INFO:colcon.colcon_core.shell:Creating prefix script '/home/lyorrei/Documents/Projects/ponderada3_mod8/install/local_setup.ps1'
[1.323s] INFO:colcon.colcon_core.shell:Creating prefix util module '/home/lyorrei/Documents/Projects/ponderada3_mod8/install/_local_setup_util_ps1.py'
[1.336s] INFO:colcon.colcon_core.shell:Creating prefix chain script '/home/lyorrei/Documents/Projects/ponderada3_mod8/install/setup.ps1'
[1.346s] INFO:colcon.colcon_core.shell:Creating prefix script '/home/lyorrei/Documents/Projects/ponderada3_mod8/install/local_setup.sh'
[1.347s] INFO:colcon.colcon_core.shell:Creating prefix util module '/home/lyorrei/Documents/Projects/ponderada3_mod8/install/_local_setup_util_sh.py'
[1.348s] INFO:colcon.colcon_core.shell:Creating prefix chain script '/home/lyorrei/Documents/Projects/ponderada3_mod8/install/setup.sh'
[1.361s] INFO:colcon.colcon_core.shell:Creating prefix script '/home/lyorrei/Documents/Projects/ponderada3_mod8/install/local_setup.bash'
[1.362s] INFO:colcon.colcon_core.shell:Creating prefix chain script '/home/lyorrei/Documents/Projects/ponderada3_mod8/install/setup.bash'
[1.369s] INFO:colcon.colcon_core.shell:Creating prefix script '/home/lyorrei/Documents/Projects/ponderada3_mod8/install/local_setup.zsh'
[1.370s] INFO:colcon.colcon_core.shell:Creating prefix chain script '/home/lyorrei/Documents/Projects/ponderada3_mod8/install/setup.zsh'
